Arguments: 
  C:\Program Files\nodejs\node.exe C:\Program Files (x86)\Yarn\bin\yarn.js add @heroicons/react

PATH: 
  C:\Program Files\Common Files\Oracle\Java\javapath;C:\Program Files (x86)\Common Files\Oracle\Java\java8path;C:\Program Files (x86)\Common Files\Oracle\Java\javapath;C:\WINDOWS\system32;C:\WINDOWS;C:\WINDOWS\System32\Wbem;C:\WINDOWS\System32\WindowsPowerShell\v1.0\;C:\WINDOWS\System32\OpenSSH\;C:\Program Files\nodejs\;C:\ProgramData\chocolatey\bin;C:\Program Files\Git\cmd;C:\Program Files (x86)\Yarn\bin\;C:\Users\sreek\AppData\Local\Programs\Python\Python310\Scripts;C:\Users\sreek\AppData\Local\Programs\Python\Python310;C:\Program Files\Git LFS;C:\Program Files\Java\jdk-23\bin;C:\MinGW\bin;C:\Users\sreek\AppData\Local\Programs\Python\Python310\Scripts\;C:\Users\sreek\AppData\Local\Programs\Python\Python310\;C:\Users\sreek\AppData\Local\Programs\Python\Python311\Scripts\;C:\Users\sreek\AppData\Local\Programs\Python\Python311\;C:\Users\sreek\AppData\Local\Programs\Python\Python312\Scripts\;C:\Users\sreek\AppData\Local\Programs\Python\Python312\;C:\Users\sreek\AppData\Local\Microsoft\WindowsApps;C:\Users\sreek\AppData\Roaming\npm;C:\Users\sreek\AppData\Local\Programs\Microsoft VS Code\bin;C:\Program Files\nodejs;C:\Users\sreek\AppData\Local\Yarn\bin;C:\Program Files (x86)\Yarn;

Yarn version: 
  1.22.4

Node version: 
  20.11.0

Platform: 
  win32 x64

Trace: 
  Error: EPERM: operation not permitted, unlink 'C:\Users\sreek\Documents\pokemon-app\node_modules\@next\swc-win32-x64-msvc\next-swc.win32-x64-msvc.node'

npm manifest: 
  {
    "name": "pokemon-app",
    "version": "0.1.0",
    "private": true,
    "scripts": {
      "dev": "next dev",
      "build": "next build",
      "start": "next start",
      "lint": "next lint"
    },
    "dependencies": {
      "react": "^18",
      "react-dom": "^18",
      "next": "13.5.7"
    },
    "devDependencies": {
      "typescript": "^5",
      "@types/node": "^20",
      "@types/react": "^18",
      "@types/react-dom": "^18",
      "autoprefixer": "^10",
      "postcss": "^8",
      "tailwindcss": "^3",
      "eslint": "^8",
      "eslint-config-next": "13.5.7"
    }
  }

yarn manifest: 
  No manifest

Lockfile: 
  No lockfile
